Determining if the pthread_create exist failed with the following output:
Change Dir: /home/travis/build/rj-ashatalov/otuscpp-hw-07/CMakeFiles/CMakeTmp

Run Build Command:"/usr/bin/make" "cmTC_91c0c/fast"
/usr/bin/make -f CMakeFiles/cmTC_91c0c.dir/build.make CMakeFiles/cmTC_91c0c.dir/build
make[1]: Entering directory '/home/travis/build/rj-ashatalov/otuscpp-hw-07/CMakeFiles/CMakeTmp'
Building C object CMakeFiles/cmTC_91c0c.dir/CheckSymbolExists.c.o
/usr/local/clang-7.0.0/bin/clang    -o CMakeFiles/cmTC_91c0c.dir/CheckSymbolExists.c.o   -c /home/travis/build/rj-ashatalov/otuscpp-hw-07/CMakeFiles/CMakeTmp/CheckSymbolExists.c
Linking C executable cmTC_91c0c
/usr/local/cmake-3.12.4/bin/cmake -E cmake_link_script CMakeFiles/cmTC_91c0c.dir/link.txt --verbose=1
/usr/local/clang-7.0.0/bin/clang      -rdynamic CMakeFiles/cmTC_91c0c.dir/CheckSymbolExists.c.o  -o cmTC_91c0c 
CMakeFiles/cmTC_91c0c.dir/CheckSymbolExists.c.o: In function `main':
CheckSymbolExists.c:(.text+0x19): undefined reference to `pthread_create'
clang-7: error: linker command failed with exit code 1 (use -v to see invocation)
CMakeFiles/cmTC_91c0c.dir/build.make:86: recipe for target 'cmTC_91c0c' failed
make[1]: *** [cmTC_91c0c] Error 1
make[1]: Leaving directory '/home/travis/build/rj-ashatalov/otuscpp-hw-07/CMakeFiles/CMakeTmp'
Makefile:121: recipe for target 'cmTC_91c0c/fast' failed
make: *** [cmTC_91c0c/fast] Error 2

File /home/travis/build/rj-ashatalov/otuscpp-hw-07/CMakeFiles/CMakeTmp/CheckSymbolExists.c:
/* */
#include <pthread.h>

int main(int argc, char** argv)
{
  (void)argv;
#ifndef pthread_create
  return ((int*)(&pthread_create))[argc];
#else
  (void)argc;
  return 0;
#endif
}

Determining if the function pthread_create exists in the pthreads failed with the following output:
Change Dir: /home/travis/build/rj-ashatalov/otuscpp-hw-07/CMakeFiles/CMakeTmp

Run Build Command:"/usr/bin/make" "cmTC_a2726/fast"
/usr/bin/make -f CMakeFiles/cmTC_a2726.dir/build.make CMakeFiles/cmTC_a2726.dir/build
make[1]: Entering directory '/home/travis/build/rj-ashatalov/otuscpp-hw-07/CMakeFiles/CMakeTmp'
Building C object CMakeFiles/cmTC_a2726.dir/CheckFunctionExists.c.o
/usr/local/clang-7.0.0/bin/clang   -DCHECK_FUNCTION_EXISTS=pthread_create   -o CMakeFiles/cmTC_a2726.dir/CheckFunctionExists.c.o   -c /usr/local/cmake-3.12.4/share/cmake-3.12/Modules/CheckFunctionExists.c
Linking C executable cmTC_a2726
/usr/local/cmake-3.12.4/bin/cmake -E cmake_link_script CMakeFiles/cmTC_a2726.dir/link.txt --verbose=1
/usr/local/clang-7.0.0/bin/clang  -DCHECK_FUNCTION_EXISTS=pthread_create    -rdynamic CMakeFiles/cmTC_a2726.dir/CheckFunctionExists.c.o  -o cmTC_a2726 -lpthreads 
/usr/bin/ld: cannot find -lpthreads
clang-7: error: linker command failed with exit code 1 (use -v to see invocation)
CMakeFiles/cmTC_a2726.dir/build.make:86: recipe for target 'cmTC_a2726' failed
make[1]: *** [cmTC_a2726] Error 1
make[1]: Leaving directory '/home/travis/build/rj-ashatalov/otuscpp-hw-07/CMakeFiles/CMakeTmp'
Makefile:121: recipe for target 'cmTC_a2726/fast' failed
make: *** [cmTC_a2726/fast] Error 2


